TN:
SF:src\routes.ts
FN:16,(anonymous_0)
FN:39,(anonymous_1)
FNF:2
FNH:2
FNDA:2,(anonymous_0)
FNDA:3,(anonymous_1)
DA:1,1
DA:2,1
DA:3,1
DA:4,1
DA:6,1
DA:9,1
DA:16,2
DA:22,1
DA:24,1
DA:31,1
DA:39,3
DA:47,1
DA:54,1
DA:61,1
LF:14
LH:14
BRF:0
BRH:0
end_of_record
TN:
SF:src\server.ts
FN:7,connectDB
FNF:1
FNH:1
FNDA:1,connectDB
DA:1,1
DA:2,1
DA:3,1
DA:4,1
DA:7,1
DA:8,1
DA:9,1
DA:11,1
DA:16,0
DA:20,1
DA:21,1
DA:24,1
DA:25,1
DA:27,1
LF:14
LH:13
BRF:0
BRH:0
end_of_record
TN:
SF:src\config\db.ts
FNF:0
FNH:0
DA:1,1
DA:2,1
DA:4,1
DA:6,1
DA:10,1
LF:5
LH:5
BRF:0
BRH:0
end_of_record
TN:
SF:src\handlers\product.ts
FN:7,(anonymous_1)
FN:21,(anonymous_2)
FN:33,(anonymous_3)
FN:51,(anonymous_4)
FN:71,(anonymous_5)
FN:93,(anonymous_6)
FNF:6
FNH:6
FNDA:1,(anonymous_1)
FNDA:1,(anonymous_2)
FNDA:2,(anonymous_3)
FNDA:2,(anonymous_4)
FNDA:2,(anonymous_5)
FNDA:2,(anonymous_6)
DA:2,1
DA:4,1
DA:5,1
DA:7,1
DA:9,1
DA:13,1
DA:14,1
DA:16,0
DA:21,1
DA:23,1
DA:25,1
DA:26,1
DA:33,1
DA:35,2
DA:36,2
DA:37,2
DA:39,2
DA:40,1
DA:41,1
DA:43,1
DA:51,1
DA:53,2
DA:54,2
DA:55,2
DA:57,2
DA:58,1
DA:59,1
DA:62,1
DA:63,1
DA:71,1
DA:73,2
DA:74,2
DA:75,2
DA:77,2
DA:78,1
DA:79,1
DA:82,1
DA:83,1
DA:85,1
DA:93,1
DA:95,2
DA:96,2
DA:97,2
DA:99,2
DA:100,1
DA:101,1
DA:103,1
DA:105,1
LF:48
LH:47
BRDA:39,0,0,1
BRDA:57,1,0,1
BRDA:77,2,0,1
BRDA:99,3,0,1
BRF:4
BRH:4
end_of_record
TN:
SF:src\middleware\index.ts
FN:6,(anonymous_0)
FNF:1
FNH:1
FNDA:12,(anonymous_0)
DA:2,1
DA:4,1
DA:6,1
DA:7,12
DA:8,12
DA:9,3
DA:10,3
DA:12,9
LF:8
LH:8
BRDA:8,0,0,3
BRF:1
BRH:1
end_of_record
TN:
SF:src\models\Product.model.ts
FNF:0
FNH:0
DA:1,1
DA:7,1
DA:11,1
DA:16,1
DA:22,1
DA:25,1
LF:6
LH:6
BRF:0
BRH:0
end_of_record
