{"C:\\Users\\nicol\\Desktop\\rest-api-node-ts-server\\src\\router.ts": {"path":"C:\\Users\\nicol\\Desktop\\rest-api-node-ts-server\\src\\router.ts","statementMap":{"0":{"start":{"line":1,"column":0},"end":{"line":1,"column":32}},"1":{"start":{"line":2,"column":0},"end":{"line":2,"column":109}},"2":{"start":{"line":3,"column":0},"end":{"line":3,"column":47}},"3":{"start":{"line":4,"column":0},"end":{"line":4,"column":48}},"4":{"start":{"line":6,"column":15},"end":{"line":6,"column":23}},"5":{"start":{"line":9,"column":0},"end":{"line":9,"column":null}},"6":{"start":{"line":12,"column":0},"end":{"line":16,"column":null}},"7":{"start":{"line":18,"column":0},"end":{"line":28,"column":null}},"8":{"start":{"line":25,"column":21},"end":{"line":25,"column":30}},"9":{"start":{"line":30,"column":0},"end":{"line":43,"column":null}},"10":{"start":{"line":36,"column":21},"end":{"line":36,"column":30}},"11":{"start":{"line":45,"column":0},"end":{"line":49,"column":null}},"12":{"start":{"line":51,"column":0},"end":{"line":51,"column":null}}},"fnMap":{"0":{"name":"(anonymous_0)","decl":{"start":{"line":25,"column":12},"end":{"line":25,"column":17}},"loc":{"start":{"line":25,"column":21},"end":{"line":25,"column":30}}},"1":{"name":"(anonymous_1)","decl":{"start":{"line":36,"column":12},"end":{"line":36,"column":17}},"loc":{"start":{"line":36,"column":21},"end":{"line":36,"column":30}}}},"branchMap":{},"s":{"0":2,"1":2,"2":2,"3":2,"4":2,"5":2,"6":2,"7":2,"8":4,"9":2,"10":1,"11":2,"12":2},"f":{"0":4,"1":1},"b":{}}
,"C:\\Users\\nicol\\Desktop\\rest-api-node-ts-server\\src\\server.ts": {"path":"C:\\Users\\nicol\\Desktop\\rest-api-node-ts-server\\src\\server.ts","statementMap":{"0":{"start":{"line":1,"column":0},"end":{"line":1,"column":29}},"1":{"start":{"line":2,"column":0},"end":{"line":2,"column":29}},"2":{"start":{"line":3,"column":0},"end":{"line":3,"column":29}},"3":{"start":{"line":4,"column":0},"end":{"line":4,"column":27}},"4":{"start":{"line":8,"column":2},"end":{"line":17,"column":3}},"5":{"start":{"line":9,"column":4},"end":{"line":9,"column":null}},"6":{"start":{"line":10,"column":4},"end":{"line":10,"column":null}},"7":{"start":{"line":15,"column":4},"end":{"line":15,"column":25}},"8":{"start":{"line":16,"column":4},"end":{"line":16,"column":87}},"9":{"start":{"line":20,"column":0},"end":{"line":20,"column":null}},"10":{"start":{"line":23,"column":15},"end":{"line":23,"column":24}},"11":{"start":{"line":26,"column":0},"end":{"line":26,"column":null}},"12":{"start":{"line":28,"column":0},"end":{"line":28,"column":null}},"13":{"start":{"line":30,"column":0},"end":{"line":32,"column":null}},"14":{"start":{"line":31,"column":2},"end":{"line":31,"column":null}},"15":{"start":{"line":34,"column":0},"end":{"line":34,"column":null}}},"fnMap":{"0":{"name":"connectDB","decl":{"start":{"line":7,"column":15},"end":{"line":7,"column":24}},"loc":{"start":{"line":7,"column":24},"end":{"line":18,"column":1}}},"1":{"name":"(anonymous_2)","decl":{"start":{"line":30,"column":19},"end":{"line":30,"column":20}},"loc":{"start":{"line":30,"column":32},"end":{"line":32,"column":1}}}},"branchMap":{},"s":{"0":2,"1":2,"2":2,"3":2,"4":2,"5":2,"6":1,"7":0,"8":0,"9":2,"10":2,"11":2,"12":2,"13":2,"14":1,"15":2},"f":{"0":2,"1":1},"b":{}}
,"C:\\Users\\nicol\\Desktop\\rest-api-node-ts-server\\src\\config\\db.ts": {"path":"C:\\Users\\nicol\\Desktop\\rest-api-node-ts-server\\src\\config\\db.ts","statementMap":{"0":{"start":{"line":1,"column":0},"end":{"line":1,"column":48}},"1":{"start":{"line":2,"column":0},"end":{"line":2,"column":27}},"2":{"start":{"line":4,"column":0},"end":{"line":4,"column":null}},"3":{"start":{"line":6,"column":11},"end":{"line":9,"column":2}},"4":{"start":{"line":11,"column":0},"end":{"line":11,"column":null}}},"fnMap":{},"branchMap":{},"s":{"0":2,"1":2,"2":2,"3":2,"4":2},"f":{},"b":{}}
,"C:\\Users\\nicol\\Desktop\\rest-api-node-ts-server\\src\\handlers\\product.ts": {"path":"C:\\Users\\nicol\\Desktop\\rest-api-node-ts-server\\src\\handlers\\product.ts","statementMap":{"0":{"start":{"line":2,"column":0},"end":{"line":2,"column":45}},"1":{"start":{"line":5,"column":27},"end":{"line":14,"column":1}},"2":{"start":{"line":6,"column":2},"end":{"line":13,"column":3}},"3":{"start":{"line":8,"column":21},"end":{"line":8,"column":44}},"4":{"start":{"line":9,"column":4},"end":{"line":9,"column":null}},"5":{"start":{"line":12,"column":4},"end":{"line":12,"column":23}},"6":{"start":{"line":5,"column":13},"end":{"line":5,"column":27}},"7":{"start":{"line":17,"column":30},"end":{"line":31,"column":1}},"8":{"start":{"line":18,"column":2},"end":{"line":30,"column":3}},"9":{"start":{"line":19,"column":19},"end":{"line":19,"column":29}},"10":{"start":{"line":20,"column":20},"end":{"line":20,"column":46}},"11":{"start":{"line":23,"column":4},"end":{"line":25,"column":5}},"12":{"start":{"line":24,"column":6},"end":{"line":24,"column":null}},"13":{"start":{"line":26,"column":4},"end":{"line":26,"column":null}},"14":{"start":{"line":29,"column":4},"end":{"line":29,"column":23}},"15":{"start":{"line":17,"column":13},"end":{"line":17,"column":30}},"16":{"start":{"line":34,"column":29},"end":{"line":44,"column":1}},"17":{"start":{"line":35,"column":2},"end":{"line":43,"column":3}},"18":{"start":{"line":37,"column":20},"end":{"line":37,"column":50}},"19":{"start":{"line":38,"column":4},"end":{"line":38,"column":null}},"20":{"start":{"line":41,"column":4},"end":{"line":41,"column":23}},"21":{"start":{"line":34,"column":13},"end":{"line":34,"column":29}},"22":{"start":{"line":47,"column":29},"end":{"line":66,"column":1}},"23":{"start":{"line":48,"column":2},"end":{"line":65,"column":3}},"24":{"start":{"line":49,"column":19},"end":{"line":49,"column":29}},"25":{"start":{"line":50,"column":20},"end":{"line":50,"column":46}},"26":{"start":{"line":53,"column":4},"end":{"line":55,"column":5}},"27":{"start":{"line":54,"column":6},"end":{"line":54,"column":null}},"28":{"start":{"line":58,"column":4},"end":{"line":58,"column":null}},"29":{"start":{"line":59,"column":4},"end":{"line":59,"column":null}},"30":{"start":{"line":60,"column":4},"end":{"line":60,"column":null}},"31":{"start":{"line":63,"column":4},"end":{"line":63,"column":23}},"32":{"start":{"line":47,"column":13},"end":{"line":47,"column":29}},"33":{"start":{"line":69,"column":29},"end":{"line":86,"column":1}},"34":{"start":{"line":70,"column":2},"end":{"line":85,"column":3}},"35":{"start":{"line":71,"column":19},"end":{"line":71,"column":29}},"36":{"start":{"line":72,"column":20},"end":{"line":72,"column":46}},"37":{"start":{"line":75,"column":4},"end":{"line":77,"column":5}},"38":{"start":{"line":76,"column":6},"end":{"line":76,"column":null}},"39":{"start":{"line":79,"column":4},"end":{"line":79,"column":null}},"40":{"start":{"line":80,"column":4},"end":{"line":80,"column":null}},"41":{"start":{"line":83,"column":4},"end":{"line":83,"column":23}},"42":{"start":{"line":69,"column":13},"end":{"line":69,"column":29}}},"fnMap":{"0":{"name":"(anonymous_1)","decl":{"start":{"line":5,"column":27},"end":{"line":5,"column":32}},"loc":{"start":{"line":5,"column":65},"end":{"line":14,"column":1}}},"1":{"name":"(anonymous_2)","decl":{"start":{"line":17,"column":30},"end":{"line":17,"column":35}},"loc":{"start":{"line":17,"column":68},"end":{"line":31,"column":1}}},"2":{"name":"(anonymous_3)","decl":{"start":{"line":34,"column":29},"end":{"line":34,"column":34}},"loc":{"start":{"line":34,"column":67},"end":{"line":44,"column":1}}},"3":{"name":"(anonymous_4)","decl":{"start":{"line":47,"column":29},"end":{"line":47,"column":34}},"loc":{"start":{"line":47,"column":67},"end":{"line":66,"column":1}}},"4":{"name":"(anonymous_5)","decl":{"start":{"line":69,"column":29},"end":{"line":69,"column":34}},"loc":{"start":{"line":69,"column":67},"end":{"line":86,"column":1}}}},"branchMap":{"0":{"loc":{"start":{"line":23,"column":4},"end":{"line":25,"column":5}},"type":"if","locations":[{"start":{"line":23,"column":4},"end":{"line":25,"column":5}}]},"1":{"loc":{"start":{"line":53,"column":4},"end":{"line":55,"column":5}},"type":"if","locations":[{"start":{"line":53,"column":4},"end":{"line":55,"column":5}}]},"2":{"loc":{"start":{"line":75,"column":4},"end":{"line":77,"column":5}},"type":"if","locations":[{"start":{"line":75,"column":4},"end":{"line":77,"column":5}}]}},"s":{"0":2,"1":2,"2":1,"3":1,"4":1,"5":0,"6":2,"7":2,"8":2,"9":2,"10":2,"11":2,"12":1,"13":1,"14":0,"15":2,"16":2,"17":1,"18":1,"19":1,"20":0,"21":2,"22":2,"23":0,"24":0,"25":0,"26":0,"27":0,"28":0,"29":0,"30":0,"31":0,"32":2,"33":2,"34":2,"35":2,"36":2,"37":2,"38":1,"39":1,"40":1,"41":0,"42":2},"f":{"0":1,"1":2,"2":1,"3":0,"4":2},"b":{"0":[1],"1":[0],"2":[1]}}
,"C:\\Users\\nicol\\Desktop\\rest-api-node-ts-server\\src\\middleware\\index.ts": {"path":"C:\\Users\\nicol\\Desktop\\rest-api-node-ts-server\\src\\middleware\\index.ts","statementMap":{"0":{"start":{"line":2,"column":0},"end":{"line":2,"column":52}},"1":{"start":{"line":4,"column":33},"end":{"line":12,"column":1}},"2":{"start":{"line":6,"column":17},"end":{"line":6,"column":38}},"3":{"start":{"line":7,"column":4},"end":{"line":9,"column":5}},"4":{"start":{"line":8,"column":6},"end":{"line":8,"column":null}},"5":{"start":{"line":11,"column":2},"end":{"line":11,"column":9}},"6":{"start":{"line":4,"column":13},"end":{"line":4,"column":33}}},"fnMap":{"0":{"name":"(anonymous_0)","decl":{"start":{"line":4,"column":33},"end":{"line":4,"column":34}},"loc":{"start":{"line":4,"column":85},"end":{"line":12,"column":1}}}},"branchMap":{"0":{"loc":{"start":{"line":7,"column":4},"end":{"line":9,"column":5}},"type":"if","locations":[{"start":{"line":7,"column":4},"end":{"line":9,"column":5}}]}},"s":{"0":2,"1":2,"2":11,"3":11,"4":6,"5":5,"6":2},"f":{"0":11},"b":{"0":[6]}}
,"C:\\Users\\nicol\\Desktop\\rest-api-node-ts-server\\src\\models\\Product.model.ts": {"path":"C:\\Users\\nicol\\Desktop\\rest-api-node-ts-server\\src\\models\\Product.model.ts","statementMap":{"0":{"start":{"line":1,"column":0},"end":{"line":1,"column":79}},"1":{"start":{"line":8,"column":0},"end":{"line":24,"column":null}},"2":{"start":{"line":12,"column":10},"end":{"line":12,"column":null}},"3":{"start":{"line":17,"column":10},"end":{"line":17,"column":null}},"4":{"start":{"line":23,"column":10},"end":{"line":23,"column":null}},"5":{"start":{"line":8,"column":6},"end":{"line":24,"column":null}},"6":{"start":{"line":26,"column":0},"end":{"line":26,"column":null}}},"fnMap":{},"branchMap":{},"s":{"0":2,"1":2,"2":2,"3":2,"4":2,"5":2,"6":2},"f":{},"b":{}}
}
