TN:
SF:src\router.ts
FN:25,(anonymous_0)
FN:36,(anonymous_1)
FNF:2
FNH:2
FNDA:4,(anonymous_0)
FNDA:1,(anonymous_1)
DA:1,2
DA:2,2
DA:3,2
DA:4,2
DA:6,2
DA:9,2
DA:12,2
DA:18,2
DA:25,4
DA:30,2
DA:36,1
DA:45,2
DA:51,2
LF:13
LH:13
BRF:0
BRH:0
end_of_record
TN:
SF:src\server.ts
FN:7,connectDB
FN:30,(anonymous_2)
FNF:2
FNH:2
FNDA:2,connectDB
FNDA:1,(anonymous_2)
DA:1,2
DA:2,2
DA:3,2
DA:4,2
DA:8,2
DA:9,2
DA:10,1
DA:15,0
DA:16,0
DA:20,2
DA:23,2
DA:26,2
DA:28,2
DA:30,2
DA:31,1
DA:34,2
LF:16
LH:14
BRF:0
BRH:0
end_of_record
TN:
SF:src\config\db.ts
FNF:0
FNH:0
DA:1,2
DA:2,2
DA:4,2
DA:6,2
DA:11,2
LF:5
LH:5
BRF:0
BRH:0
end_of_record
TN:
SF:src\handlers\product.ts
FN:5,(anonymous_1)
FN:17,(anonymous_2)
FN:34,(anonymous_3)
FN:47,(anonymous_4)
FN:69,(anonymous_5)
FNF:5
FNH:4
FNDA:1,(anonymous_1)
FNDA:2,(anonymous_2)
FNDA:1,(anonymous_3)
FNDA:0,(anonymous_4)
FNDA:2,(anonymous_5)
DA:2,2
DA:5,2
DA:6,1
DA:8,1
DA:9,1
DA:12,0
DA:17,2
DA:18,2
DA:19,2
DA:20,2
DA:23,2
DA:24,1
DA:26,1
DA:29,0
DA:34,2
DA:35,1
DA:37,1
DA:38,1
DA:41,0
DA:47,2
DA:48,0
DA:49,0
DA:50,0
DA:53,0
DA:54,0
DA:58,0
DA:59,0
DA:60,0
DA:63,0
DA:69,2
DA:70,2
DA:71,2
DA:72,2
DA:75,2
DA:76,1
DA:79,1
DA:80,1
DA:83,0
LF:38
LH:25
BRDA:23,0,0,1
BRDA:53,1,0,0
BRDA:75,2,0,1
BRF:3
BRH:2
end_of_record
TN:
SF:src\middleware\index.ts
FN:4,(anonymous_0)
FNF:1
FNH:1
FNDA:11,(anonymous_0)
DA:2,2
DA:4,2
DA:6,11
DA:7,11
DA:8,6
DA:11,5
LF:6
LH:6
BRDA:7,0,0,6
BRF:1
BRH:1
end_of_record
TN:
SF:src\models\Product.model.ts
FNF:0
FNH:0
DA:1,2
DA:8,2
DA:12,2
DA:17,2
DA:23,2
DA:26,2
LF:6
LH:6
BRF:0
BRH:0
end_of_record
